  BackGround.cpp
  BackGroundManager.cpp
  CameraManager.cpp
  Object.cpp
  Editor.cpp
  Main.cpp
  ObjectManager.cpp
  Operator.cpp
c:\users\iy\documents\teceditor\teceditor\Operator.h(7): warning C4100: 'r': 引数は関数の本体部で 1 度も参照されません。 (ソース ファイルをコンパイルしています ObjectManager.cpp)
c:\users\iy\documents\teceditor\teceditor\Operator.h(8): warning C4100: 'r': 引数は関数の本体部で 1 度も参照されません。 (ソース ファイルをコンパイルしています ObjectManager.cpp)
ObjectManager.cpp(26): warning C4018: '<': signed と unsigned の数値を比較しようとしました。
ObjectManager.cpp(28): warning C4018: '<': signed と unsigned の数値を比較しようとしました。
Object.cpp(43): warning C4244: '=': 'double' から 'int' への変換です。データが失われる可能性があります。
BackGround.cpp(43): warning C4244: '=': 'double' から 'int' への変換です。データが失われる可能性があります。
c:\users\iy\documents\teceditor\teceditor\Operator.h(7): warning C4100: 'r': 引数は関数の本体部で 1 度も参照されません。 (ソース ファイルをコンパイルしています BackGroundManager.cpp)
c:\users\iy\documents\teceditor\teceditor\Operator.h(8): warning C4100: 'r': 引数は関数の本体部で 1 度も参照されません。 (ソース ファイルをコンパイルしています BackGroundManager.cpp)
c:\users\iy\documents\teceditor\teceditor\Operator.h(7): warning C4100: 'r': 引数は関数の本体部で 1 度も参照されません。 (ソース ファイルをコンパイルしています Main.cpp)
c:\users\iy\documents\teceditor\teceditor\Operator.h(8): warning C4100: 'r': 引数は関数の本体部で 1 度も参照されません。 (ソース ファイルをコンパイルしています Main.cpp)
BackGroundManager.cpp(26): warning C4018: '<': signed と unsigned の数値を比較しようとしました。
BackGroundManager.cpp(28): warning C4018: '<': signed と unsigned の数値を比較しようとしました。
c:\users\iy\documents\teceditor\teceditor\Operator.h(7): warning C4100: 'r': 引数は関数の本体部で 1 度も参照されません。 (ソース ファイルをコンパイルしています Editor.cpp)
c:\users\iy\documents\teceditor\teceditor\Operator.h(8): warning C4100: 'r': 引数は関数の本体部で 1 度も参照されません。 (ソース ファイルをコンパイルしています Editor.cpp)
c:\users\iy\documents\teceditor\teceditor\Operator.h(7): warning C4100: 'r': 引数は関数の本体部で 1 度も参照されません。 (ソース ファイルをコンパイルしています Operator.cpp)
c:\users\iy\documents\teceditor\teceditor\Operator.h(8): warning C4100: 'r': 引数は関数の本体部で 1 度も参照されません。 (ソース ファイルをコンパイルしています Operator.cpp)
     ライブラリ C:\Users\IY\Documents\TeCeditor\TeCeditor\Release\TeCeditor.lib とオブジェクト C:\Users\IY\Documents\TeCeditor\TeCeditor\Release\TeCeditor.exp を作成中
  コード生成しています。
  All 1381 functions were compiled because no usable IPDB/IOBJ from previous compilation was found.
  コード生成が終了しました。
  TeCeditor.vcxproj -> C:\Users\IY\Documents\TeCeditor\TeCeditor\Release\TeCeditor.exe
  TeCeditor.vcxproj -> C:\Users\IY\Documents\TeCeditor\TeCeditor\Release\TeCeditor.pdb (Full PDB)
